  Exp2.cpp
F:\Study-Program\源代码存储\数字图像处理\Digital_image\Digital_image\Exp2.cpp(162,9): warning C4267: “初始化”: 从“size_t”转换到“long”，可能丢失数据
  (编译源文件“/Exp2.cpp”)
  
F:\Study-Program\源代码存储\数字图像处理\Digital_image\Digital_image\Exp2.cpp(162,28): warning C4267: “初始化”: 从“size_t”转换到“long”，可能丢失数据
  (编译源文件“/Exp2.cpp”)
  
F:\Study-Program\源代码存储\数字图像处理\Digital_image\Digital_image\Exp2.cpp(170,61): warning C4244: “=”: 从“double”转换到“_Ty”，可能丢失数据
F:\Study-Program\源代码存储\数字图像处理\Digital_image\Digital_image\Exp2.cpp(170,61): warning C4244:         with
F:\Study-Program\源代码存储\数字图像处理\Digital_image\Digital_image\Exp2.cpp(170,61): warning C4244:         [
F:\Study-Program\源代码存储\数字图像处理\Digital_image\Digital_image\Exp2.cpp(170,61): warning C4244:             _Ty=BYTE
F:\Study-Program\源代码存储\数字图像处理\Digital_image\Digital_image\Exp2.cpp(170,61): warning C4244:         ]
  (编译源文件“/Exp2.cpp”)
  
F:\Study-Program\源代码存储\数字图像处理\Digital_image\Digital_image\Exp2.cpp(193,9): warning C4267: “初始化”: 从“size_t”转换到“long”，可能丢失数据
  (编译源文件“/Exp2.cpp”)
  
F:\Study-Program\源代码存储\数字图像处理\Digital_image\Digital_image\Exp2.cpp(193,26): warning C4267: “初始化”: 从“size_t”转换到“long”，可能丢失数据
  (编译源文件“/Exp2.cpp”)
  
F:\Study-Program\源代码存储\数字图像处理\Digital_image\Digital_image\Exp2.cpp(219,9): warning C4267: “初始化”: 从“size_t”转换到“long”，可能丢失数据
  (编译源文件“/Exp2.cpp”)
  
F:\Study-Program\源代码存储\数字图像处理\Digital_image\Digital_image\Exp2.cpp(219,26): warning C4267: “初始化”: 从“size_t”转换到“long”，可能丢失数据
  (编译源文件“/Exp2.cpp”)
  
F:\Study-Program\源代码存储\数字图像处理\Digital_image\Digital_image\Exp2.cpp(231,21): warning C4244: “=”: 从“double”转换到“_Ty”，可能丢失数据
F:\Study-Program\源代码存储\数字图像处理\Digital_image\Digital_image\Exp2.cpp(231,21): warning C4244:         with
F:\Study-Program\源代码存储\数字图像处理\Digital_image\Digital_image\Exp2.cpp(231,21): warning C4244:         [
F:\Study-Program\源代码存储\数字图像处理\Digital_image\Digital_image\Exp2.cpp(231,21): warning C4244:             _Ty=BYTE
F:\Study-Program\源代码存储\数字图像处理\Digital_image\Digital_image\Exp2.cpp(231,21): warning C4244:         ]
  (编译源文件“/Exp2.cpp”)
  
F:\Study-Program\源代码存储\数字图像处理\Digital_image\Digital_image\Exp2.cpp(250,9): warning C4267: “初始化”: 从“size_t”转换到“long”，可能丢失数据
  (编译源文件“/Exp2.cpp”)
  
F:\Study-Program\源代码存储\数字图像处理\Digital_image\Digital_image\Exp2.cpp(250,26): warning C4267: “初始化”: 从“size_t”转换到“long”，可能丢失数据
  (编译源文件“/Exp2.cpp”)
  
F:\Study-Program\源代码存储\数字图像处理\Digital_image\Digital_image\Exp2.cpp(265,34): warning C4244: “=”: 从“double”转换到“_Ty”，可能丢失数据
F:\Study-Program\源代码存储\数字图像处理\Digital_image\Digital_image\Exp2.cpp(265,34): warning C4244:         with
F:\Study-Program\源代码存储\数字图像处理\Digital_image\Digital_image\Exp2.cpp(265,34): warning C4244:         [
F:\Study-Program\源代码存储\数字图像处理\Digital_image\Digital_image\Exp2.cpp(265,34): warning C4244:             _Ty=BYTE
F:\Study-Program\源代码存储\数字图像处理\Digital_image\Digital_image\Exp2.cpp(265,34): warning C4244:         ]
  (编译源文件“/Exp2.cpp”)
  
F:\Study-Program\源代码存储\数字图像处理\Digital_image\Digital_image\Exp2.cpp(269,56): warning C4244: “=”: 从“double”转换到“_Ty”，可能丢失数据
F:\Study-Program\源代码存储\数字图像处理\Digital_image\Digital_image\Exp2.cpp(269,56): warning C4244:         with
F:\Study-Program\源代码存储\数字图像处理\Digital_image\Digital_image\Exp2.cpp(269,56): warning C4244:         [
F:\Study-Program\源代码存储\数字图像处理\Digital_image\Digital_image\Exp2.cpp(269,56): warning C4244:             _Ty=BYTE
F:\Study-Program\源代码存储\数字图像处理\Digital_image\Digital_image\Exp2.cpp(269,56): warning C4244:         ]
  (编译源文件“/Exp2.cpp”)
  
F:\Study-Program\源代码存储\数字图像处理\Digital_image\Digital_image\Exp2.cpp(273,60): warning C4244: “=”: 从“double”转换到“_Ty”，可能丢失数据
F:\Study-Program\源代码存储\数字图像处理\Digital_image\Digital_image\Exp2.cpp(273,60): warning C4244:         with
F:\Study-Program\源代码存储\数字图像处理\Digital_image\Digital_image\Exp2.cpp(273,60): warning C4244:         [
F:\Study-Program\源代码存储\数字图像处理\Digital_image\Digital_image\Exp2.cpp(273,60): warning C4244:             _Ty=BYTE
F:\Study-Program\源代码存储\数字图像处理\Digital_image\Digital_image\Exp2.cpp(273,60): warning C4244:         ]
  (编译源文件“/Exp2.cpp”)
  
F:\Study-Program\源代码存储\数字图像处理\Digital_image\Digital_image\Exp2.cpp(290,34): warning C4244: “=”: 从“double”转换到“_Ty”，可能丢失数据
F:\Study-Program\源代码存储\数字图像处理\Digital_image\Digital_image\Exp2.cpp(290,34): warning C4244:         with
F:\Study-Program\源代码存储\数字图像处理\Digital_image\Digital_image\Exp2.cpp(290,34): warning C4244:         [
F:\Study-Program\源代码存储\数字图像处理\Digital_image\Digital_image\Exp2.cpp(290,34): warning C4244:             _Ty=BYTE
F:\Study-Program\源代码存储\数字图像处理\Digital_image\Digital_image\Exp2.cpp(290,34): warning C4244:         ]
  (编译源文件“/Exp2.cpp”)
  
F:\Study-Program\源代码存储\数字图像处理\Digital_image\Digital_image\Exp2.cpp(294,56): warning C4244: “=”: 从“double”转换到“_Ty”，可能丢失数据
F:\Study-Program\源代码存储\数字图像处理\Digital_image\Digital_image\Exp2.cpp(294,56): warning C4244:         with
F:\Study-Program\源代码存储\数字图像处理\Digital_image\Digital_image\Exp2.cpp(294,56): warning C4244:         [
F:\Study-Program\源代码存储\数字图像处理\Digital_image\Digital_image\Exp2.cpp(294,56): warning C4244:             _Ty=BYTE
F:\Study-Program\源代码存储\数字图像处理\Digital_image\Digital_image\Exp2.cpp(294,56): warning C4244:         ]
  (编译源文件“/Exp2.cpp”)
  
F:\Study-Program\源代码存储\数字图像处理\Digital_image\Digital_image\Exp2.cpp(298,60): warning C4244: “=”: 从“double”转换到“_Ty”，可能丢失数据
F:\Study-Program\源代码存储\数字图像处理\Digital_image\Digital_image\Exp2.cpp(298,60): warning C4244:         with
F:\Study-Program\源代码存储\数字图像处理\Digital_image\Digital_image\Exp2.cpp(298,60): warning C4244:         [
F:\Study-Program\源代码存储\数字图像处理\Digital_image\Digital_image\Exp2.cpp(298,60): warning C4244:             _Ty=BYTE
F:\Study-Program\源代码存储\数字图像处理\Digital_image\Digital_image\Exp2.cpp(298,60): warning C4244:         ]
  (编译源文件“/Exp2.cpp”)
  
  Digital_image.vcxproj -> F:\Study-Program\源代码存储\数字图像处理\Digital_image\x64\Debug\Digital_image.exe
